## commons-email: 8b9aad8d106f7445495c4d3188424f2bd98294cb ##
--- org.apache.commons.mail.EmailTest::testSetHeadersEx
junit.framework.AssertionFailedError: Should have thrown an exception
	at junit.framework.Assert.fail(Assert.java:57)
	at junit.framework.TestCase.fail(TestCase.java:227)
	at org.apache.commons.mail.EmailTest.testSetHeadersEx(EmailTest.java:1150)
	at sun.reflect.NativeMethodAccessorImpl.invoke0(Native Method)
	at sun.reflect.NativeMethodAccessorImpl.invoke(NativeMethodAccessorImpl.java:62)
	at sun.reflect.DelegatingMethodAccessorImpl.invoke(DelegatingMethodAccessorImpl.java:43)
	at java.lang.reflect.Method.invoke(Method.java:498)
	at junit.framework.TestCase.runTest(TestCase.java:176)
	at junit.framework.TestCase.runBare(TestCase.java:141)
	at junit.framework.TestResult$1.protect(TestResult.java:122)
	at junit.framework.TestResult.runProtected(TestResult.java:142)
	at junit.framework.TestResult.run(TestResult.java:125)
	at junit.framework.TestCase.run(TestCase.java:129)
	at junit.framework.TestSuite.runTest(TestSuite.java:255)
	at junit.framework.TestSuite.run(TestSuite.java:250)
	at org.apache.tools.ant.taskdefs.optional.junit.JUnitTestRunner.run(JUnitTestRunner.java:520)
	at org.apache.tools.ant.taskdefs.optional.junit.JUnitTask.executeInVM(JUnitTask.java:1484)
	at org.apache.tools.ant.taskdefs.optional.junit.JUnitTask.execute(JUnitTask.java:872)
	at org.apache.tools.ant.taskdefs.optional.junit.JUnitTask.executeOrQueue(JUnitTask.java:1972)
	at org.apache.tools.ant.taskdefs.optional.junit.JUnitTask.execute1(JUnitTask.java:824)
	at org.apache.tools.ant.taskdefs.optional.junit.JUnitTask.execute(JUnitTask.java:2277)
	at org.apache.tools.ant.UnknownElement.execute(UnknownElement.java:291)
	at sun.reflect.GeneratedMethodAccessor4.invoke(Unknown Source)
	at sun.reflect.DelegatingMethodAccessorImpl.invoke(DelegatingMethodAccessorImpl.java:43)
	at java.lang.reflect.Method.invoke(Method.java:498)
	at org.apache.tools.ant.dispatch.DispatchUtils.execute(DispatchUtils.java:106)
	at org.apache.tools.ant.Task.perform(Task.java:348)
	at org.apache.tools.ant.Target.execute(Target.java:392)
	at org.apache.tools.ant.Target.performTasks(Target.java:413)
	at org.apache.tools.ant.Project.executeSortedTargets(Project.java:1399)
	at org.apache.tools.ant.Project.executeTarget(Project.java:1368)
	at org.apache.tools.ant.helper.DefaultExecutor.executeTargets(DefaultExecutor.java:41)
	at org.apache.tools.ant.Project.executeTargets(Project.java:1251)
	at org.apache.tools.ant.Main.runBuild(Main.java:811)
	at org.apache.tools.ant.Main.startAnt(Main.java:217)
	at org.apache.tools.ant.launch.Launcher.run(Launcher.java:280)
	at org.apache.tools.ant.launch.Launcher.main(Launcher.java:109)
--- org.apache.commons.mail.HtmlEmailTest::testEmbedUrl
java.lang.RuntimeException: java.lang.RuntimeException: java.io.IOException: invalid constant type: 18 at 15
	at org.powermock.core.ClassReplicaCreator.createClassReplica(ClassReplicaCreator.java:55)
	at org.powermock.api.easymock.PowerMock.createReplicaType(PowerMock.java:2185)
	at org.powermock.api.easymock.PowerMock.doMock(PowerMock.java:2133)
	at org.powermock.api.easymock.PowerMock.createMock(PowerMock.java:89)
	at org.apache.commons.mail.BaseEmailTestCase.createInvalidURL(BaseEmailTestCase.java:532)
	at org.apache.commons.mail.HtmlEmailTest.testEmbedUrl(HtmlEmailTest.java:186)
	at sun.reflect.NativeMethodAccessorImpl.invoke0(Native Method)
	at sun.reflect.NativeMethodAccessorImpl.invoke(NativeMethodAccessorImpl.java:62)
	at sun.reflect.DelegatingMethodAccessorImpl.invoke(DelegatingMethodAccessorImpl.java:43)
	at java.lang.reflect.Method.invoke(Method.java:498)
	at junit.framework.TestCase.runTest(TestCase.java:176)
	at junit.framework.TestCase.runBare(TestCase.java:141)
	at junit.framework.TestResult$1.protect(TestResult.java:122)
	at junit.framework.TestResult.runProtected(TestResult.java:142)
	at junit.framework.TestResult.run(TestResult.java:125)
	at junit.framework.TestCase.run(TestCase.java:129)
	at junit.framework.TestSuite.runTest(TestSuite.java:255)
	at junit.framework.TestSuite.run(TestSuite.java:250)
	at org.apache.tools.ant.taskdefs.optional.junit.JUnitTestRunner.run(JUnitTestRunner.java:520)
	at org.apache.tools.ant.taskdefs.optional.junit.JUnitTask.executeInVM(JUnitTask.java:1484)
	at org.apache.tools.ant.taskdefs.optional.junit.JUnitTask.execute(JUnitTask.java:872)
	at org.apache.tools.ant.taskdefs.optional.junit.JUnitTask.executeOrQueue(JUnitTask.java:1972)
	at org.apache.tools.ant.taskdefs.optional.junit.JUnitTask.execute1(JUnitTask.java:824)
	at org.apache.tools.ant.taskdefs.optional.junit.JUnitTask.execute(JUnitTask.java:2277)
	at org.apache.tools.ant.UnknownElement.execute(UnknownElement.java:291)
	at sun.reflect.GeneratedMethodAccessor4.invoke(Unknown Source)
	at sun.reflect.DelegatingMethodAccessorImpl.invoke(DelegatingMethodAccessorImpl.java:43)
	at java.lang.reflect.Method.invoke(Method.java:498)
	at org.apache.tools.ant.dispatch.DispatchUtils.execute(DispatchUtils.java:106)
	at org.apache.tools.ant.Task.perform(Task.java:348)
	at org.apache.tools.ant.Target.execute(Target.java:392)
	at org.apache.tools.ant.Target.performTasks(Target.java:413)
	at org.apache.tools.ant.Project.executeSortedTargets(Project.java:1399)
	at org.apache.tools.ant.Project.executeTarget(Project.java:1368)
	at org.apache.tools.ant.helper.DefaultExecutor.executeTargets(DefaultExecutor.java:41)
	at org.apache.tools.ant.Project.executeTargets(Project.java:1251)
	at org.apache.tools.ant.Main.runBuild(Main.java:811)
	at org.apache.tools.ant.Main.startAnt(Main.java:217)
	at org.apache.tools.ant.launch.Launcher.run(Launcher.java:280)
	at org.apache.tools.ant.launch.Launcher.main(Launcher.java:109)
Caused by: java.lang.RuntimeException: java.io.IOException: invalid constant type: 18 at 15
	at javassist.CtClassType.getClassFile2(CtClassType.java:204)
	at javassist.compiler.MemberResolver.lookupMethod(MemberResolver.java:98)
	at javassist.compiler.MemberResolver.lookupMethod(MemberResolver.java:146)
	at javassist.compiler.MemberResolver.lookupMethod(MemberResolver.java:146)
	at javassist.compiler.MemberResolver.lookupMethod(MemberResolver.java:132)
	at javassist.compiler.MemberResolver.lookupMethod(MemberResolver.java:84)
	at javassist.compiler.TypeChecker.atMethodCallCore(TypeChecker.java:711)
	at javassist.compiler.TypeChecker.atCallExpr(TypeChecker.java:688)
	at javassist.compiler.JvstTypeChecker.atCallExpr(JvstTypeChecker.java:157)
	at javassist.compiler.ast.CallExpr.accept(CallExpr.java:46)
	at javassist.compiler.TypeChecker.atCastExpr(TypeChecker.java:547)
	at javassist.compiler.JvstTypeChecker.atCastExpr(JvstTypeChecker.java:104)
	at javassist.compiler.ast.CastExpr.accept(CastExpr.java:55)
	at javassist.compiler.CodeGen.doTypeCheck(CodeGen.java:242)
	at javassist.compiler.CodeGen.compileExpr(CodeGen.java:229)
	at javassist.compiler.CodeGen.atReturnStmnt2(CodeGen.java:598)
	at javassist.compiler.JvstCodeGen.atReturnStmnt(JvstCodeGen.java:425)
	at javassist.compiler.CodeGen.atStmnt(CodeGen.java:363)
	at javassist.compiler.ast.Stmnt.accept(Stmnt.java:50)
	at javassist.compiler.CodeGen.atStmnt(CodeGen.java:351)
	at javassist.compiler.ast.Stmnt.accept(Stmnt.java:50)
	at javassist.compiler.CodeGen.atMethodBody(CodeGen.java:292)
	at javassist.compiler.Javac.compileBody(Javac.java:223)
	at javassist.CtBehavior.setBody(CtBehavior.java:409)
	at javassist.CtBehavior.setBody(CtBehavior.java:383)
	at javassist.CtNewMethod.make(CtNewMethod.java:138)
	at javassist.CtNewMethod.make(CtNewMethod.java:106)
	at org.powermock.core.ClassReplicaCreator.createClassReplica(ClassReplicaCreator.java:49)
	... 39 more
Caused by: java.io.IOException: invalid constant type: 18 at 15
	at javassist.bytecode.ConstPool.readOne(ConstPool.java:1044)
	at javassist.bytecode.ConstPool.read(ConstPool.java:984)
	at javassist.bytecode.ConstPool.<init>(ConstPool.java:125)
	at javassist.bytecode.ClassFile.read(ClassFile.java:770)
	at javassist.bytecode.ClassFile.<init>(ClassFile.java:114)
	at javassist.CtClassType.getClassFile2(CtClassType.java:191)
	... 66 more
--- org.apache.commons.mail.ImageHtmlEmailTest::testSendHtml
junit.framework.AssertionFailedError
	at junit.framework.Assert.fail(Assert.java:55)
	at junit.framework.Assert.assertTrue(Assert.java:22)
	at junit.framework.Assert.assertTrue(Assert.java:31)
	at junit.framework.TestCase.assertTrue(TestCase.java:201)
	at org.apache.commons.mail.ImageHtmlEmailTest.testSendHtml(ImageHtmlEmailTest.java:98)
	at sun.reflect.NativeMethodAccessorImpl.invoke0(Native Method)
	at sun.reflect.NativeMethodAccessorImpl.invoke(NativeMethodAccessorImpl.java:62)
	at sun.reflect.DelegatingMethodAccessorImpl.invoke(DelegatingMethodAccessorImpl.java:43)
	at java.lang.reflect.Method.invoke(Method.java:498)
	at junit.framework.TestCase.runTest(TestCase.java:176)
	at junit.framework.TestCase.runBare(TestCase.java:141)
	at junit.framework.TestResult$1.protect(TestResult.java:122)
	at junit.framework.TestResult.runProtected(TestResult.java:142)
	at junit.framework.TestResult.run(TestResult.java:125)
	at junit.framework.TestCase.run(TestCase.java:129)
	at junit.framework.TestSuite.runTest(TestSuite.java:255)
	at junit.framework.TestSuite.run(TestSuite.java:250)
	at org.apache.tools.ant.taskdefs.optional.junit.JUnitTestRunner.run(JUnitTestRunner.java:520)
	at org.apache.tools.ant.taskdefs.optional.junit.JUnitTask.executeInVM(JUnitTask.java:1484)
	at org.apache.tools.ant.taskdefs.optional.junit.JUnitTask.execute(JUnitTask.java:872)
	at org.apache.tools.ant.taskdefs.optional.junit.JUnitTask.executeOrQueue(JUnitTask.java:1972)
	at org.apache.tools.ant.taskdefs.optional.junit.JUnitTask.execute1(JUnitTask.java:824)
	at org.apache.tools.ant.taskdefs.optional.junit.JUnitTask.execute(JUnitTask.java:2277)
	at org.apache.tools.ant.UnknownElement.execute(UnknownElement.java:291)
	at sun.reflect.GeneratedMethodAccessor4.invoke(Unknown Source)
	at sun.reflect.DelegatingMethodAccessorImpl.invoke(DelegatingMethodAccessorImpl.java:43)
	at java.lang.reflect.Method.invoke(Method.java:498)
	at org.apache.tools.ant.dispatch.DispatchUtils.execute(DispatchUtils.java:106)
	at org.apache.tools.ant.Task.perform(Task.java:348)
	at org.apache.tools.ant.Target.execute(Target.java:392)
	at org.apache.tools.ant.Target.performTasks(Target.java:413)
	at org.apache.tools.ant.Project.executeSortedTargets(Project.java:1399)
	at org.apache.tools.ant.Project.executeTarget(Project.java:1368)
	at org.apache.tools.ant.helper.DefaultExecutor.executeTargets(DefaultExecutor.java:41)
	at org.apache.tools.ant.Project.executeTargets(Project.java:1251)
	at org.apache.tools.ant.Main.runBuild(Main.java:811)
	at org.apache.tools.ant.Main.startAnt(Main.java:217)
	at org.apache.tools.ant.launch.Launcher.run(Launcher.java:280)
	at org.apache.tools.ant.launch.Launcher.main(Launcher.java:109)
--- org.apache.commons.mail.ImageHtmlEmailTest::testEmbedUrl
java.lang.RuntimeException: java.lang.RuntimeException: java.io.IOException: invalid constant type: 18 at 15
	at org.powermock.core.ClassReplicaCreator.createClassReplica(ClassReplicaCreator.java:55)
	at org.powermock.api.easymock.PowerMock.createReplicaType(PowerMock.java:2185)
	at org.powermock.api.easymock.PowerMock.doMock(PowerMock.java:2133)
	at org.powermock.api.easymock.PowerMock.createMock(PowerMock.java:89)
	at org.apache.commons.mail.BaseEmailTestCase.createInvalidURL(BaseEmailTestCase.java:532)
	at org.apache.commons.mail.HtmlEmailTest.testEmbedUrl(HtmlEmailTest.java:186)
	at sun.reflect.NativeMethodAccessorImpl.invoke0(Native Method)
	at sun.reflect.NativeMethodAccessorImpl.invoke(NativeMethodAccessorImpl.java:62)
	at sun.reflect.DelegatingMethodAccessorImpl.invoke(DelegatingMethodAccessorImpl.java:43)
	at java.lang.reflect.Method.invoke(Method.java:498)
	at junit.framework.TestCase.runTest(TestCase.java:176)
	at junit.framework.TestCase.runBare(TestCase.java:141)
	at junit.framework.TestResult$1.protect(TestResult.java:122)
	at junit.framework.TestResult.runProtected(TestResult.java:142)
	at junit.framework.TestResult.run(TestResult.java:125)
	at junit.framework.TestCase.run(TestCase.java:129)
	at junit.framework.TestSuite.runTest(TestSuite.java:255)
	at junit.framework.TestSuite.run(TestSuite.java:250)
	at org.apache.tools.ant.taskdefs.optional.junit.JUnitTestRunner.run(JUnitTestRunner.java:520)
	at org.apache.tools.ant.taskdefs.optional.junit.JUnitTask.executeInVM(JUnitTask.java:1484)
	at org.apache.tools.ant.taskdefs.optional.junit.JUnitTask.execute(JUnitTask.java:872)
	at org.apache.tools.ant.taskdefs.optional.junit.JUnitTask.executeOrQueue(JUnitTask.java:1972)
	at org.apache.tools.ant.taskdefs.optional.junit.JUnitTask.execute1(JUnitTask.java:824)
	at org.apache.tools.ant.taskdefs.optional.junit.JUnitTask.execute(JUnitTask.java:2277)
	at org.apache.tools.ant.UnknownElement.execute(UnknownElement.java:291)
	at sun.reflect.GeneratedMethodAccessor4.invoke(Unknown Source)
	at sun.reflect.DelegatingMethodAccessorImpl.invoke(DelegatingMethodAccessorImpl.java:43)
	at java.lang.reflect.Method.invoke(Method.java:498)
	at org.apache.tools.ant.dispatch.DispatchUtils.execute(DispatchUtils.java:106)
	at org.apache.tools.ant.Task.perform(Task.java:348)
	at org.apache.tools.ant.Target.execute(Target.java:392)
	at org.apache.tools.ant.Target.performTasks(Target.java:413)
	at org.apache.tools.ant.Project.executeSortedTargets(Project.java:1399)
	at org.apache.tools.ant.Project.executeTarget(Project.java:1368)
	at org.apache.tools.ant.helper.DefaultExecutor.executeTargets(DefaultExecutor.java:41)
	at org.apache.tools.ant.Project.executeTargets(Project.java:1251)
	at org.apache.tools.ant.Main.runBuild(Main.java:811)
	at org.apache.tools.ant.Main.startAnt(Main.java:217)
	at org.apache.tools.ant.launch.Launcher.run(Launcher.java:280)
	at org.apache.tools.ant.launch.Launcher.main(Launcher.java:109)
Caused by: java.lang.RuntimeException: java.io.IOException: invalid constant type: 18 at 15
	at javassist.CtClassType.getClassFile2(CtClassType.java:204)
	at javassist.compiler.MemberResolver.lookupMethod(MemberResolver.java:98)
	at javassist.compiler.MemberResolver.lookupMethod(MemberResolver.java:146)
	at javassist.compiler.MemberResolver.lookupMethod(MemberResolver.java:146)
	at javassist.compiler.MemberResolver.lookupMethod(MemberResolver.java:132)
	at javassist.compiler.MemberResolver.lookupMethod(MemberResolver.java:84)
	at javassist.compiler.TypeChecker.atMethodCallCore(TypeChecker.java:711)
	at javassist.compiler.TypeChecker.atCallExpr(TypeChecker.java:688)
	at javassist.compiler.JvstTypeChecker.atCallExpr(JvstTypeChecker.java:157)
	at javassist.compiler.ast.CallExpr.accept(CallExpr.java:46)
	at javassist.compiler.TypeChecker.atCastExpr(TypeChecker.java:547)
	at javassist.compiler.JvstTypeChecker.atCastExpr(JvstTypeChecker.java:104)
	at javassist.compiler.ast.CastExpr.accept(CastExpr.java:55)
	at javassist.compiler.CodeGen.doTypeCheck(CodeGen.java:242)
	at javassist.compiler.CodeGen.compileExpr(CodeGen.java:229)
	at javassist.compiler.CodeGen.atReturnStmnt2(CodeGen.java:598)
	at javassist.compiler.JvstCodeGen.atReturnStmnt(JvstCodeGen.java:425)
	at javassist.compiler.CodeGen.atStmnt(CodeGen.java:363)
	at javassist.compiler.ast.Stmnt.accept(Stmnt.java:50)
	at javassist.compiler.CodeGen.atStmnt(CodeGen.java:351)
	at javassist.compiler.ast.Stmnt.accept(Stmnt.java:50)
	at javassist.compiler.CodeGen.atMethodBody(CodeGen.java:292)
	at javassist.compiler.Javac.compileBody(Javac.java:223)
	at javassist.CtBehavior.setBody(CtBehavior.java:409)
	at javassist.CtBehavior.setBody(CtBehavior.java:383)
	at javassist.CtNewMethod.make(CtNewMethod.java:138)
	at javassist.CtNewMethod.make(CtNewMethod.java:106)
	at org.powermock.core.ClassReplicaCreator.createClassReplica(ClassReplicaCreator.java:49)
	... 39 more
Caused by: java.io.IOException: invalid constant type: 18 at 15
	at javassist.bytecode.ConstPool.readOne(ConstPool.java:1044)
	at javassist.bytecode.ConstPool.read(ConstPool.java:984)
	at javassist.bytecode.ConstPool.<init>(ConstPool.java:125)
	at javassist.bytecode.ClassFile.read(ClassFile.java:770)
	at javassist.bytecode.ClassFile.<init>(ClassFile.java:114)
	at javassist.CtClassType.getClassFile2(CtClassType.java:191)
	... 66 more
--- org.apache.commons.mail.MultiPartEmailTest::testAttach3
java.lang.RuntimeException: java.lang.RuntimeException: java.io.IOException: invalid constant type: 18 at 15
	at org.powermock.core.ClassReplicaCreator.createClassReplica(ClassReplicaCreator.java:55)
	at org.powermock.api.easymock.PowerMock.createReplicaType(PowerMock.java:2185)
	at org.powermock.api.easymock.PowerMock.doMock(PowerMock.java:2133)
	at org.powermock.api.easymock.PowerMock.createMock(PowerMock.java:89)
	at org.apache.commons.mail.BaseEmailTestCase.createInvalidURL(BaseEmailTestCase.java:532)
	at org.apache.commons.mail.MultiPartEmailTest.testAttach3(MultiPartEmailTest.java:325)
	at sun.reflect.NativeMethodAccessorImpl.invoke0(Native Method)
	at sun.reflect.NativeMethodAccessorImpl.invoke(NativeMethodAccessorImpl.java:62)
	at sun.reflect.DelegatingMethodAccessorImpl.invoke(DelegatingMethodAccessorImpl.java:43)
	at java.lang.reflect.Method.invoke(Method.java:498)
	at junit.framework.TestCase.runTest(TestCase.java:176)
	at junit.framework.TestCase.runBare(TestCase.java:141)
	at junit.framework.TestResult$1.protect(TestResult.java:122)
	at junit.framework.TestResult.runProtected(TestResult.java:142)
	at junit.framework.TestResult.run(TestResult.java:125)
	at junit.framework.TestCase.run(TestCase.java:129)
	at junit.framework.TestSuite.runTest(TestSuite.java:255)
	at junit.framework.TestSuite.run(TestSuite.java:250)
	at org.apache.tools.ant.taskdefs.optional.junit.JUnitTestRunner.run(JUnitTestRunner.java:520)
	at org.apache.tools.ant.taskdefs.optional.junit.JUnitTask.executeInVM(JUnitTask.java:1484)
	at org.apache.tools.ant.taskdefs.optional.junit.JUnitTask.execute(JUnitTask.java:872)
	at org.apache.tools.ant.taskdefs.optional.junit.JUnitTask.executeOrQueue(JUnitTask.java:1972)
	at org.apache.tools.ant.taskdefs.optional.junit.JUnitTask.execute1(JUnitTask.java:824)
	at org.apache.tools.ant.taskdefs.optional.junit.JUnitTask.execute(JUnitTask.java:2277)
	at org.apache.tools.ant.UnknownElement.execute(UnknownElement.java:291)
	at sun.reflect.GeneratedMethodAccessor4.invoke(Unknown Source)
	at sun.reflect.DelegatingMethodAccessorImpl.invoke(DelegatingMethodAccessorImpl.java:43)
	at java.lang.reflect.Method.invoke(Method.java:498)
	at org.apache.tools.ant.dispatch.DispatchUtils.execute(DispatchUtils.java:106)
	at org.apache.tools.ant.Task.perform(Task.java:348)
	at org.apache.tools.ant.Target.execute(Target.java:392)
	at org.apache.tools.ant.Target.performTasks(Target.java:413)
	at org.apache.tools.ant.Project.executeSortedTargets(Project.java:1399)
	at org.apache.tools.ant.Project.executeTarget(Project.java:1368)
	at org.apache.tools.ant.helper.DefaultExecutor.executeTargets(DefaultExecutor.java:41)
	at org.apache.tools.ant.Project.executeTargets(Project.java:1251)
	at org.apache.tools.ant.Main.runBuild(Main.java:811)
	at org.apache.tools.ant.Main.startAnt(Main.java:217)
	at org.apache.tools.ant.launch.Launcher.run(Launcher.java:280)
	at org.apache.tools.ant.launch.Launcher.main(Launcher.java:109)
Caused by: java.lang.RuntimeException: java.io.IOException: invalid constant type: 18 at 15
	at javassist.CtClassType.getClassFile2(CtClassType.java:204)
	at javassist.compiler.MemberResolver.lookupMethod(MemberResolver.java:98)
	at javassist.compiler.MemberResolver.lookupMethod(MemberResolver.java:146)
	at javassist.compiler.MemberResolver.lookupMethod(MemberResolver.java:146)
	at javassist.compiler.MemberResolver.lookupMethod(MemberResolver.java:132)
	at javassist.compiler.MemberResolver.lookupMethod(MemberResolver.java:84)
	at javassist.compiler.TypeChecker.atMethodCallCore(TypeChecker.java:711)
	at javassist.compiler.TypeChecker.atCallExpr(TypeChecker.java:688)
	at javassist.compiler.JvstTypeChecker.atCallExpr(JvstTypeChecker.java:157)
	at javassist.compiler.ast.CallExpr.accept(CallExpr.java:46)
	at javassist.compiler.TypeChecker.atCastExpr(TypeChecker.java:547)
	at javassist.compiler.JvstTypeChecker.atCastExpr(JvstTypeChecker.java:104)
	at javassist.compiler.ast.CastExpr.accept(CastExpr.java:55)
	at javassist.compiler.CodeGen.doTypeCheck(CodeGen.java:242)
	at javassist.compiler.CodeGen.compileExpr(CodeGen.java:229)
	at javassist.compiler.CodeGen.atReturnStmnt2(CodeGen.java:598)
	at javassist.compiler.JvstCodeGen.atReturnStmnt(JvstCodeGen.java:425)
	at javassist.compiler.CodeGen.atStmnt(CodeGen.java:363)
	at javassist.compiler.ast.Stmnt.accept(Stmnt.java:50)
	at javassist.compiler.CodeGen.atStmnt(CodeGen.java:351)
	at javassist.compiler.ast.Stmnt.accept(Stmnt.java:50)
	at javassist.compiler.CodeGen.atMethodBody(CodeGen.java:292)
	at javassist.compiler.Javac.compileBody(Javac.java:223)
	at javassist.CtBehavior.setBody(CtBehavior.java:409)
	at javassist.CtBehavior.setBody(CtBehavior.java:383)
	at javassist.CtNewMethod.make(CtNewMethod.java:138)
	at javassist.CtNewMethod.make(CtNewMethod.java:106)
	at org.powermock.core.ClassReplicaCreator.createClassReplica(ClassReplicaCreator.java:49)
	... 39 more
Caused by: java.io.IOException: invalid constant type: 18 at 15
	at javassist.bytecode.ConstPool.readOne(ConstPool.java:1044)
	at javassist.bytecode.ConstPool.read(ConstPool.java:984)
	at javassist.bytecode.ConstPool.<init>(ConstPool.java:125)
	at javassist.bytecode.ClassFile.read(ClassFile.java:770)
	at javassist.bytecode.ClassFile.<init>(ClassFile.java:114)
	at javassist.CtClassType.getClassFile2(CtClassType.java:191)
	... 66 more
--- org.apache.commons.mail.MultiPartEmailTest::testAttach
java.lang.RuntimeException: java.lang.RuntimeException: java.io.IOException: invalid constant type: 18 at 15
	at org.powermock.core.ClassReplicaCreator.createClassReplica(ClassReplicaCreator.java:55)
	at org.powermock.api.easymock.PowerMock.createReplicaType(PowerMock.java:2185)
	at org.powermock.api.easymock.PowerMock.doMock(PowerMock.java:2133)
	at org.powermock.api.easymock.PowerMock.createMock(PowerMock.java:89)
	at org.apache.commons.mail.BaseEmailTestCase.createInvalidURL(BaseEmailTestCase.java:532)
	at org.apache.commons.mail.MultiPartEmailTest.testAttach(MultiPartEmailTest.java:249)
	at sun.reflect.NativeMethodAccessorImpl.invoke0(Native Method)
	at sun.reflect.NativeMethodAccessorImpl.invoke(NativeMethodAccessorImpl.java:62)
	at sun.reflect.DelegatingMethodAccessorImpl.invoke(DelegatingMethodAccessorImpl.java:43)
	at java.lang.reflect.Method.invoke(Method.java:498)
	at junit.framework.TestCase.runTest(TestCase.java:176)
	at junit.framework.TestCase.runBare(TestCase.java:141)
	at junit.framework.TestResult$1.protect(TestResult.java:122)
	at junit.framework.TestResult.runProtected(TestResult.java:142)
	at junit.framework.TestResult.run(TestResult.java:125)
	at junit.framework.TestCase.run(TestCase.java:129)
	at junit.framework.TestSuite.runTest(TestSuite.java:255)
	at junit.framework.TestSuite.run(TestSuite.java:250)
	at org.apache.tools.ant.taskdefs.optional.junit.JUnitTestRunner.run(JUnitTestRunner.java:520)
	at org.apache.tools.ant.taskdefs.optional.junit.JUnitTask.executeInVM(JUnitTask.java:1484)
	at org.apache.tools.ant.taskdefs.optional.junit.JUnitTask.execute(JUnitTask.java:872)
	at org.apache.tools.ant.taskdefs.optional.junit.JUnitTask.executeOrQueue(JUnitTask.java:1972)
	at org.apache.tools.ant.taskdefs.optional.junit.JUnitTask.execute1(JUnitTask.java:824)
	at org.apache.tools.ant.taskdefs.optional.junit.JUnitTask.execute(JUnitTask.java:2277)
	at org.apache.tools.ant.UnknownElement.execute(UnknownElement.java:291)
	at sun.reflect.GeneratedMethodAccessor4.invoke(Unknown Source)
	at sun.reflect.DelegatingMethodAccessorImpl.invoke(DelegatingMethodAccessorImpl.java:43)
	at java.lang.reflect.Method.invoke(Method.java:498)
	at org.apache.tools.ant.dispatch.DispatchUtils.execute(DispatchUtils.java:106)
	at org.apache.tools.ant.Task.perform(Task.java:348)
	at org.apache.tools.ant.Target.execute(Target.java:392)
	at org.apache.tools.ant.Target.performTasks(Target.java:413)
	at org.apache.tools.ant.Project.executeSortedTargets(Project.java:1399)
	at org.apache.tools.ant.Project.executeTarget(Project.java:1368)
	at org.apache.tools.ant.helper.DefaultExecutor.executeTargets(DefaultExecutor.java:41)
	at org.apache.tools.ant.Project.executeTargets(Project.java:1251)
	at org.apache.tools.ant.Main.runBuild(Main.java:811)
	at org.apache.tools.ant.Main.startAnt(Main.java:217)
	at org.apache.tools.ant.launch.Launcher.run(Launcher.java:280)
	at org.apache.tools.ant.launch.Launcher.main(Launcher.java:109)
Caused by: java.lang.RuntimeException: java.io.IOException: invalid constant type: 18 at 15
	at javassist.CtClassType.getClassFile2(CtClassType.java:204)
	at javassist.compiler.MemberResolver.lookupMethod(MemberResolver.java:98)
	at javassist.compiler.MemberResolver.lookupMethod(MemberResolver.java:146)
	at javassist.compiler.MemberResolver.lookupMethod(MemberResolver.java:146)
	at javassist.compiler.MemberResolver.lookupMethod(MemberResolver.java:132)
	at javassist.compiler.MemberResolver.lookupMethod(MemberResolver.java:84)
	at javassist.compiler.TypeChecker.atMethodCallCore(TypeChecker.java:711)
	at javassist.compiler.TypeChecker.atCallExpr(TypeChecker.java:688)
	at javassist.compiler.JvstTypeChecker.atCallExpr(JvstTypeChecker.java:157)
	at javassist.compiler.ast.CallExpr.accept(CallExpr.java:46)
	at javassist.compiler.TypeChecker.atCastExpr(TypeChecker.java:547)
	at javassist.compiler.JvstTypeChecker.atCastExpr(JvstTypeChecker.java:104)
	at javassist.compiler.ast.CastExpr.accept(CastExpr.java:55)
	at javassist.compiler.CodeGen.doTypeCheck(CodeGen.java:242)
	at javassist.compiler.CodeGen.compileExpr(CodeGen.java:229)
	at javassist.compiler.CodeGen.atReturnStmnt2(CodeGen.java:598)
	at javassist.compiler.JvstCodeGen.atReturnStmnt(JvstCodeGen.java:425)
	at javassist.compiler.CodeGen.atStmnt(CodeGen.java:363)
	at javassist.compiler.ast.Stmnt.accept(Stmnt.java:50)
	at javassist.compiler.CodeGen.atStmnt(CodeGen.java:351)
	at javassist.compiler.ast.Stmnt.accept(Stmnt.java:50)
	at javassist.compiler.CodeGen.atMethodBody(CodeGen.java:292)
	at javassist.compiler.Javac.compileBody(Javac.java:223)
	at javassist.CtBehavior.setBody(CtBehavior.java:409)
	at javassist.CtBehavior.setBody(CtBehavior.java:383)
	at javassist.CtNewMethod.make(CtNewMethod.java:138)
	at javassist.CtNewMethod.make(CtNewMethod.java:106)
	at org.powermock.core.ClassReplicaCreator.createClassReplica(ClassReplicaCreator.java:49)
	... 39 more
Caused by: java.io.IOException: invalid constant type: 18 at 15
	at javassist.bytecode.ConstPool.readOne(ConstPool.java:1044)
	at javassist.bytecode.ConstPool.read(ConstPool.java:984)
	at javassist.bytecode.ConstPool.<init>(ConstPool.java:125)
	at javassist.bytecode.ClassFile.read(ClassFile.java:770)
	at javassist.bytecode.ClassFile.<init>(ClassFile.java:114)
	at javassist.CtClassType.getClassFile2(CtClassType.java:191)
	... 66 more
--- org.apache.commons.mail.resolver.DataSourceCompositeResolverTest::testResolvingFilesLenient
java.lang.NullPointerException
	at org.apache.commons.mail.resolver.DataSourceCompositeResolverTest.testResolvingFilesLenient(DataSourceCompositeResolverTest.java:48)
	at sun.reflect.NativeMethodAccessorImpl.invoke0(Native Method)
	at sun.reflect.NativeMethodAccessorImpl.invoke(NativeMethodAccessorImpl.java:62)
	at sun.reflect.DelegatingMethodAccessorImpl.invoke(DelegatingMethodAccessorImpl.java:43)
	at java.lang.reflect.Method.invoke(Method.java:498)
	at junit.framework.TestCase.runTest(TestCase.java:176)
	at junit.framework.TestCase.runBare(TestCase.java:141)
	at junit.framework.TestResult$1.protect(TestResult.java:122)
	at junit.framework.TestResult.runProtected(TestResult.java:142)
	at junit.framework.TestResult.run(TestResult.java:125)
	at junit.framework.TestCase.run(TestCase.java:129)
	at junit.framework.TestSuite.runTest(TestSuite.java:255)
	at junit.framework.TestSuite.run(TestSuite.java:250)
	at org.apache.tools.ant.taskdefs.optional.junit.JUnitTestRunner.run(JUnitTestRunner.java:520)
	at org.apache.tools.ant.taskdefs.optional.junit.JUnitTask.executeInVM(JUnitTask.java:1484)
	at org.apache.tools.ant.taskdefs.optional.junit.JUnitTask.execute(JUnitTask.java:872)
	at org.apache.tools.ant.taskdefs.optional.junit.JUnitTask.executeOrQueue(JUnitTask.java:1972)
	at org.apache.tools.ant.taskdefs.optional.junit.JUnitTask.execute1(JUnitTask.java:824)
	at org.apache.tools.ant.taskdefs.optional.junit.JUnitTask.execute(JUnitTask.java:2277)
	at org.apache.tools.ant.UnknownElement.execute(UnknownElement.java:291)
	at sun.reflect.GeneratedMethodAccessor4.invoke(Unknown Source)
	at sun.reflect.DelegatingMethodAccessorImpl.invoke(DelegatingMethodAccessorImpl.java:43)
	at java.lang.reflect.Method.invoke(Method.java:498)
	at org.apache.tools.ant.dispatch.DispatchUtils.execute(DispatchUtils.java:106)
	at org.apache.tools.ant.Task.perform(Task.java:348)
	at org.apache.tools.ant.Target.execute(Target.java:392)
	at org.apache.tools.ant.Target.performTasks(Target.java:413)
	at org.apache.tools.ant.Project.executeSortedTargets(Project.java:1399)
	at org.apache.tools.ant.Project.executeTarget(Project.java:1368)
	at org.apache.tools.ant.helper.DefaultExecutor.executeTargets(DefaultExecutor.java:41)
	at org.apache.tools.ant.Project.executeTargets(Project.java:1251)
	at org.apache.tools.ant.Main.runBuild(Main.java:811)
	at org.apache.tools.ant.Main.startAnt(Main.java:217)
	at org.apache.tools.ant.launch.Launcher.run(Launcher.java:280)
	at org.apache.tools.ant.launch.Launcher.main(Launcher.java:109)
--- org.apache.commons.mail.resolver.DataSourceCompositeResolverTest::testResolvingFilesNonLenient
junit.framework.AssertionFailedError: Expected an IOException
	at junit.framework.Assert.fail(Assert.java:57)
	at junit.framework.TestCase.fail(TestCase.java:227)
	at org.apache.commons.mail.resolver.DataSourceCompositeResolverTest.testResolvingFilesNonLenient(DataSourceCompositeResolverTest.java:64)
	at sun.reflect.NativeMethodAccessorImpl.invoke0(Native Method)
	at sun.reflect.NativeMethodAccessorImpl.invoke(NativeMethodAccessorImpl.java:62)
	at sun.reflect.DelegatingMethodAccessorImpl.invoke(DelegatingMethodAccessorImpl.java:43)
	at java.lang.reflect.Method.invoke(Method.java:498)
	at junit.framework.TestCase.runTest(TestCase.java:176)
	at junit.framework.TestCase.runBare(TestCase.java:141)
	at junit.framework.TestResult$1.protect(TestResult.java:122)
	at junit.framework.TestResult.runProtected(TestResult.java:142)
	at junit.framework.TestResult.run(TestResult.java:125)
	at junit.framework.TestCase.run(TestCase.java:129)
	at junit.framework.TestSuite.runTest(TestSuite.java:255)
	at junit.framework.TestSuite.run(TestSuite.java:250)
	at org.apache.tools.ant.taskdefs.optional.junit.JUnitTestRunner.run(JUnitTestRunner.java:520)
	at org.apache.tools.ant.taskdefs.optional.junit.JUnitTask.executeInVM(JUnitTask.java:1484)
	at org.apache.tools.ant.taskdefs.optional.junit.JUnitTask.execute(JUnitTask.java:872)
	at org.apache.tools.ant.taskdefs.optional.junit.JUnitTask.executeOrQueue(JUnitTask.java:1972)
	at org.apache.tools.ant.taskdefs.optional.junit.JUnitTask.execute1(JUnitTask.java:824)
	at org.apache.tools.ant.taskdefs.optional.junit.JUnitTask.execute(JUnitTask.java:2277)
	at org.apache.tools.ant.UnknownElement.execute(UnknownElement.java:291)
	at sun.reflect.GeneratedMethodAccessor4.invoke(Unknown Source)
	at sun.reflect.DelegatingMethodAccessorImpl.invoke(DelegatingMethodAccessorImpl.java:43)
	at java.lang.reflect.Method.invoke(Method.java:498)
	at org.apache.tools.ant.dispatch.DispatchUtils.execute(DispatchUtils.java:106)
	at org.apache.tools.ant.Task.perform(Task.java:348)
	at org.apache.tools.ant.Target.execute(Target.java:392)
	at org.apache.tools.ant.Target.performTasks(Target.java:413)
	at org.apache.tools.ant.Project.executeSortedTargets(Project.java:1399)
	at org.apache.tools.ant.Project.executeTarget(Project.java:1368)
	at org.apache.tools.ant.helper.DefaultExecutor.executeTargets(DefaultExecutor.java:41)
	at org.apache.tools.ant.Project.executeTargets(Project.java:1251)
	at org.apache.tools.ant.Main.runBuild(Main.java:811)
	at org.apache.tools.ant.Main.startAnt(Main.java:217)
	at org.apache.tools.ant.launch.Launcher.run(Launcher.java:280)
	at org.apache.tools.ant.launch.Launcher.main(Launcher.java:109)
--- org.apache.commons.mail.resolver.DataSourceUrlResolverTest::testResolvingHttpLenient
junit.framework.AssertionFailedError: Expected: <null> but was: [B@4a325eb9
	at junit.framework.Assert.fail(Assert.java:57)
	at junit.framework.Assert.assertTrue(Assert.java:22)
	at junit.framework.Assert.assertNull(Assert.java:277)
	at junit.framework.Assert.assertNull(Assert.java:268)
	at junit.framework.TestCase.assertNull(TestCase.java:438)
	at org.apache.commons.mail.resolver.DataSourceUrlResolverTest.testResolvingHttpLenient(DataSourceUrlResolverTest.java:70)
	at sun.reflect.NativeMethodAccessorImpl.invoke0(Native Method)
	at sun.reflect.NativeMethodAccessorImpl.invoke(NativeMethodAccessorImpl.java:62)
	at sun.reflect.DelegatingMethodAccessorImpl.invoke(DelegatingMethodAccessorImpl.java:43)
	at java.lang.reflect.Method.invoke(Method.java:498)
	at junit.framework.TestCase.runTest(TestCase.java:176)
	at junit.framework.TestCase.runBare(TestCase.java:141)
	at junit.framework.TestResult$1.protect(TestResult.java:122)
	at junit.framework.TestResult.runProtected(TestResult.java:142)
	at junit.framework.TestResult.run(TestResult.java:125)
	at junit.framework.TestCase.run(TestCase.java:129)
	at junit.framework.TestSuite.runTest(TestSuite.java:255)
	at junit.framework.TestSuite.run(TestSuite.java:250)
	at org.apache.tools.ant.taskdefs.optional.junit.JUnitTestRunner.run(JUnitTestRunner.java:520)
	at org.apache.tools.ant.taskdefs.optional.junit.JUnitTask.executeInVM(JUnitTask.java:1484)
	at org.apache.tools.ant.taskdefs.optional.junit.JUnitTask.execute(JUnitTask.java:872)
	at org.apache.tools.ant.taskdefs.optional.junit.JUnitTask.executeOrQueue(JUnitTask.java:1972)
	at org.apache.tools.ant.taskdefs.optional.junit.JUnitTask.execute1(JUnitTask.java:824)
	at org.apache.tools.ant.taskdefs.optional.junit.JUnitTask.execute(JUnitTask.java:2277)
	at org.apache.tools.ant.UnknownElement.execute(UnknownElement.java:291)
	at sun.reflect.GeneratedMethodAccessor4.invoke(Unknown Source)
	at sun.reflect.DelegatingMethodAccessorImpl.invoke(DelegatingMethodAccessorImpl.java:43)
	at java.lang.reflect.Method.invoke(Method.java:498)
	at org.apache.tools.ant.dispatch.DispatchUtils.execute(DispatchUtils.java:106)
	at org.apache.tools.ant.Task.perform(Task.java:348)
	at org.apache.tools.ant.Target.execute(Target.java:392)
	at org.apache.tools.ant.Target.performTasks(Target.java:413)
	at org.apache.tools.ant.Project.executeSortedTargets(Project.java:1399)
	at org.apache.tools.ant.Project.executeTarget(Project.java:1368)
	at org.apache.tools.ant.helper.DefaultExecutor.executeTargets(DefaultExecutor.java:41)
	at org.apache.tools.ant.Project.executeTargets(Project.java:1251)
	at org.apache.tools.ant.Main.runBuild(Main.java:811)
	at org.apache.tools.ant.Main.startAnt(Main.java:217)
	at org.apache.tools.ant.launch.Launcher.run(Launcher.java:280)
	at org.apache.tools.ant.launch.Launcher.main(Launcher.java:109)
--- org.apache.commons.mail.resolver.DataSourceUrlResolverTest::testResolvingHttpNonLenient
junit.framework.AssertionFailedError: Expecting an IOException
	at junit.framework.Assert.fail(Assert.java:57)
	at junit.framework.TestCase.fail(TestCase.java:227)
	at org.apache.commons.mail.resolver.DataSourceUrlResolverTest.testResolvingHttpNonLenient(DataSourceUrlResolverTest.java:86)
	at sun.reflect.NativeMethodAccessorImpl.invoke0(Native Method)
	at sun.reflect.NativeMethodAccessorImpl.invoke(NativeMethodAccessorImpl.java:62)
	at sun.reflect.DelegatingMethodAccessorImpl.invoke(DelegatingMethodAccessorImpl.java:43)
	at java.lang.reflect.Method.invoke(Method.java:498)
	at junit.framework.TestCase.runTest(TestCase.java:176)
	at junit.framework.TestCase.runBare(TestCase.java:141)
	at junit.framework.TestResult$1.protect(TestResult.java:122)
	at junit.framework.TestResult.runProtected(TestResult.java:142)
	at junit.framework.TestResult.run(TestResult.java:125)
	at junit.framework.TestCase.run(TestCase.java:129)
	at junit.framework.TestSuite.runTest(TestSuite.java:255)
	at junit.framework.TestSuite.run(TestSuite.java:250)
	at org.apache.tools.ant.taskdefs.optional.junit.JUnitTestRunner.run(JUnitTestRunner.java:520)
	at org.apache.tools.ant.taskdefs.optional.junit.JUnitTask.executeInVM(JUnitTask.java:1484)
	at org.apache.tools.ant.taskdefs.optional.junit.JUnitTask.execute(JUnitTask.java:872)
	at org.apache.tools.ant.taskdefs.optional.junit.JUnitTask.executeOrQueue(JUnitTask.java:1972)
	at org.apache.tools.ant.taskdefs.optional.junit.JUnitTask.execute1(JUnitTask.java:824)
	at org.apache.tools.ant.taskdefs.optional.junit.JUnitTask.execute(JUnitTask.java:2277)
	at org.apache.tools.ant.UnknownElement.execute(UnknownElement.java:291)
	at sun.reflect.GeneratedMethodAccessor4.invoke(Unknown Source)
	at sun.reflect.DelegatingMethodAccessorImpl.invoke(DelegatingMethodAccessorImpl.java:43)
	at java.lang.reflect.Method.invoke(Method.java:498)
	at org.apache.tools.ant.dispatch.DispatchUtils.execute(DispatchUtils.java:106)
	at org.apache.tools.ant.Task.perform(Task.java:348)
	at org.apache.tools.ant.Target.execute(Target.java:392)
	at org.apache.tools.ant.Target.performTasks(Target.java:413)
	at org.apache.tools.ant.Project.executeSortedTargets(Project.java:1399)
	at org.apache.tools.ant.Project.executeTarget(Project.java:1368)
	at org.apache.tools.ant.helper.DefaultExecutor.executeTargets(DefaultExecutor.java:41)
	at org.apache.tools.ant.Project.executeTargets(Project.java:1251)
	at org.apache.tools.ant.Main.runBuild(Main.java:811)
	at org.apache.tools.ant.Main.startAnt(Main.java:217)
	at org.apache.tools.ant.launch.Launcher.run(Launcher.java:280)
	at org.apache.tools.ant.launch.Launcher.main(Launcher.java:109)
